<?xml version="1.0" encoding="UTF-8"?>
<testsuite xmlns:xsi="http://www.w3.org/2001/XMLSchema-instance" xsi:noNamespaceSchemaLocation="https://maven.apache.org/surefire/maven-surefire-plugin/xsd/surefire-test-report-3.0.xsd" version="3.0" name="com.bharath.flightreservation.FlightreservationApplicationTests" time="35.311" tests="1" errors="0" skipped="0" failures="0">
  <properties>
[...]
</properties>
  <testcase name="contextLoads" classname="com.bharath.flightreservation.FlightreservationApplicationTests" time="3.127">
    <system-out><![CDATA[11:00:21.589 [main] INFO org.springframework.test.context.support.AnnotationConfigContextLoaderUtils -- Could not detect default configuration classes for test class [com.bharath.flightreservation.FlightreservationApplicationTests]: FlightreservationApplicationTests does not declare any static, non-private, non-final, nested classes annotated with @Configuration.
11:00:22.379 [main] INFO org.springframework.boot.test.context.SpringBootTestContextBootstrapper -- Found @SpringBootConfiguration com.bharath.flightreservation.FlightreservationApplication for test class com.bharath.flightreservation.FlightreservationApplicationTests

  .   ____          _            __ _ _
 /\\ / ___'_ __ _ _(_)_ __  __ _ \ \ \ \
( ( )\___ | '_ | '_| | '_ \/ _` | \ \ \ \
 \\/  ___)| |_)| | | | | || (_| |  ) ) ) )
  '  |____| .__|_| |_|_| |_\__, | / / / /
 =========|_|==============|___/=/_/_/_/
 :: Spring Boot ::                (v3.2.5)

2026-02-20T11:00:25.330+05:30  INFO 6160 --- [flightreservation] [           main] c.b.f.FlightreservationApplicationTests  : Starting FlightreservationApplicationTests using Java 21.0.4 with PID 6160 (started by user in E:\2024\AAA\FullStack\flightreservation)
2026-02-20T11:00:25.338+05:30  INFO 6160 --- [flightreservation] [           main] c.b.f.FlightreservationApplicationTests  : No active profile set, falling back to 1 default profile: "default"
2026-02-20T11:00:31.097+05:30  INFO 6160 --- [flightreservation] [           main] .s.d.r.c.RepositoryConfigurationDelegate : Bootstrapping Spring Data JPA repositories in DEFAULT mode.
2026-02-20T11:00:31.640+05:30  INFO 6160 --- [flightreservation] [           main] .s.d.r.c.RepositoryConfigurationDelegate : Finished Spring Data repository scanning in 424 ms. Found 3 JPA repository interfaces.
2026-02-20T11:00:34.293+05:30  INFO 6160 --- [flightreservation] [           main] com.zaxxer.hikari.HikariDataSource       : HikariPool-1 - Starting...
2026-02-20T11:00:37.751+05:30  INFO 6160 --- [flightreservation] [           main] com.zaxxer.hikari.pool.HikariPool        : HikariPool-1 - Added connection com.mysql.cj.jdbc.ConnectionImpl@73608eb0
2026-02-20T11:00:37.806+05:30  INFO 6160 --- [flightreservation] [           main] com.zaxxer.hikari.HikariDataSource       : HikariPool-1 - Start completed.
2026-02-20T11:00:38.121+05:30  INFO 6160 --- [flightreservation] [           main] o.hibernate.jpa.internal.util.LogHelper  : HHH000204: Processing PersistenceUnitInfo [name: default]
2026-02-20T11:00:38.828+05:30  INFO 6160 --- [flightreservation] [           main] org.hibernate.Version                    : HHH000412: Hibernate ORM core version 6.4.4.Final
2026-02-20T11:00:39.222+05:30  INFO 6160 --- [flightreservation] [           main] o.h.c.internal.RegionFactoryInitiator    : HHH000026: Second-level cache disabled
2026-02-20T11:00:41.210+05:30  INFO 6160 --- [flightreservation] [           main] o.s.o.j.p.SpringPersistenceUnitInfo      : No LoadTimeWeaver setup: ignoring JPA class transformer
2026-02-20T11:00:45.989+05:30  INFO 6160 --- [flightreservation] [           main] o.h.e.t.j.p.i.JtaPlatformInitiator       : HHH000489: No JTA platform available (set 'hibernate.transaction.jta.platform' to enable JTA platform integration)
2026-02-20T11:00:46.012+05:30  INFO 6160 --- [flightreservation] [           main] j.LocalContainerEntityManagerFactoryBean : Initialized JPA EntityManagerFactory for persistence unit 'default'
2026-02-20T11:00:48.468+05:30  WARN 6160 --- [flightreservation] [           main] JpaBaseConfiguration$JpaWebConfiguration : spring.jpa.open-in-view is enabled by default. Therefore, database queries may be performed during view rendering. Explicitly configure spring.jpa.open-in-view to disable this warning
2026-02-20T11:00:52.740+05:30  INFO 6160 --- [flightreservation] [           main] c.b.f.FlightreservationApplicationTests  : Started FlightreservationApplicationTests in 29.214 seconds (process running for 34.864)
]]></system-out>
    <system-err><![CDATA[WARNING: A Java agent has been loaded dynamically (C:\Users\user\.m2\repository\net\bytebuddy\byte-buddy-agent\1.14.13\byte-buddy-agent-1.14.13.jar)
WARNING: If a serviceability tool is in use, please run with -XX:+EnableDynamicAgentLoading to hide this warning
WARNING: If a serviceability tool is not in use, please run with -Djdk.instrument.traceUsage for more information
WARNING: Dynamic loading of agents will be disallowed by default in a future release
]]></system-err>
  </testcase>
</testsuite>